<html>
<head>
<title>TestNG:  Test</title>
<link href="../testng.css" rel="stylesheet" type="text/css" />
<link href="../my-testng.css" rel="stylesheet" type="text/css" />

<style type="text/css">
.log { display: none;} 
.stack-trace { display: none;} 
</style>
<script type="text/javascript">
<!--
function flip(e) {
  current = e.style.display;
  if (current == 'block') {
    e.style.display = 'none';
    return 0;
  }
  else {
    e.style.display = 'block';
    return 1;
  }
}

function toggleBox(szDivId, elem, msg1, msg2)
{
  var res = -1;  if (document.getElementById) {
    res = flip(document.getElementById(szDivId));
  }
  else if (document.all) {
    // this is the way old msie versions work
    res = flip(document.all[szDivId]);
  }
  if(elem) {
    if(res == 0) elem.innerHTML = msg1; else elem.innerHTML = msg2;
  }

}

function toggleAllBoxes() {
  if (document.getElementsByTagName) {
    d = document.getElementsByTagName('div');
    for (i = 0; i < d.length; i++) {
      if (d[i].className == 'log') {
        flip(d[i]);
      }
    }
  }
}

// -->
</script>

</head>
<body>
<h2 align='center'>Test</h2><table border='1' align="center">
<tr>
<td>Tests passed/Failed/Skipped:</td><td>11/1/0</td>
</tr><tr>
<td>Started on:</td><td>Fri Sep 18 14:36:46 IST 2020</td>
</tr>
<tr><td>Total time:</td><td>16 seconds (16426 ms)</td>
</tr><tr>
<td>Included groups:</td><td></td>
</tr><tr>
<td>Excluded groups:</td><td></td>
</tr>
</table><p/>
<small><i>(Hover the method name to see the test class name)</i></small><p/>
<table width='100%' border='1' class='invocation-failed'>
<tr><td colspan='4' align='center'><b>FAILED TESTS</b></td></tr>
<tr><td><b>Test method</b></td>
<td width="30%"><b>Exception</b></td>
<td width="10%"><b>Time (seconds)</b></td>
<td><b>Instance</b></td>
</tr>
<tr>
<td title='UATTests.testNGRunner.runScenario()'><b>runScenario</b><br>Test class: UATTests.testNGRunner<br>Test method: Runs Cucumber Scenarios<br>Parameters: "Verify company lookup based on domain and company name", "Optional[Look up company based on domain name.]"</td>
<td><div><pre>java.lang.AssertionError: 1 expectation failed.
JSON path legalName doesn&apos;t match.
Expected: Samsung Electronics Co. Ltd.
  Actual: Samsung SDS Co.,Ltd.

	at org.codehaus.groovy.runtime.callsite.ConstructorSite$ConstructorSiteNoUnwrap.callConstructor(ConstructorSite.java:84)
	at org.codehaus.groovy.runtime.callsite.CallSiteArray.defaultCallConstructor(CallSiteArray.java:59)
	at org.codehaus.groovy.runtime.callsite.AbstractCallSite.callConstructor(AbstractCallSite.java:263)
	at org.codehaus.groovy.runtime.callsite.AbstractCallSite.callConstructor(AbstractCallSite.java:277)
	at io.restassured.internal.ResponseSpecificationImpl$HamcrestAssertionClosure.validate(ResponseSpecificationImpl.groovy:493)
	at io.restassured.internal.ResponseSpecificationImpl.validateResponseIfRequired(ResponseSpecificationImpl.groovy:674)
	at org.codehaus.groovy.runtime.callsite.PlainObjectMetaMethodSite.doInvoke(PlainObjectMetaMethodSite.java:43)
	at org.codehaus.groovy.runtime.callsite.PogoMetaMethodSite$PogoCachedMethodSiteNoUnwrapNoCoerce.invoke(PogoMetaMethodSite.java:193)
	at org.codehaus.groovy.runtime.callsite.PogoMetaMethodSite.callCurrent(PogoMetaMethodSite.java:61)
	at org.codehaus.groovy.runtime.callsite.AbstractCallSite.callCurrent(AbstractCallSite.java:185)
	at io.restassured.internal.ResponseSpecificationImpl.body(ResponseSpecificationImpl.groovy:261)
	at io.restassured.internal.ResponseSpecificationImpl.body(ResponseSpecificationImpl.groovy:108)
	at io.restassured.internal.ValidatableResponseOptionsImpl.body(ValidatableResponseOptionsImpl.java:244)
	at io.restassured.internal.ValidatableResponseImpl.super$2$body(ValidatableResponseImpl.groovy)
	at groovy.lang.MetaMethod.doMethodInvoke(MetaMethod.java:323)
	at groovy.lang.MetaClassImpl.invokeMethod(MetaClassImpl.java:1262)
	at org.codehaus.groovy.runtime.ScriptBytecodeAdapter.invokeMethodOnSuperN(ScriptBytecodeAdapter.java:144)
	at io.restassured.internal.ValidatableResponseImpl.body(ValidatableResponseImpl.groovy:298)
	at io.restassured.internal.ValidatableResponseImpl.body(ValidatableResponseImpl.groovy)
	at UATTests.AuthorizationKeyValidations.body_should_be(AuthorizationKeyValidations.java:61)
	at ?.Body &quot;legalName&quot; should be &quot;Samsung Electronics Co. Ltd.&quot;(file:///D:/My_Projects/AutomationProjects/CompanyAPITest/./src/test/resources/Features/Lookup.feature:23)
... Removed 3 stack frames</pre></div><a href='#' onClick='toggleBox("stack-trace527969285", this, "Click to show all stack frames", "Click to hide stack frames")'>Click to show all stack frames</a>
<div class='stack-trace' id='stack-trace527969285'><pre>java.lang.AssertionError: 1 expectation failed.
JSON path legalName doesn&apos;t match.
Expected: Samsung Electronics Co. Ltd.
  Actual: Samsung SDS Co.,Ltd.

	at org.codehaus.groovy.reflection.CachedConstructor.invoke(CachedConstructor.java:72)
	at org.codehaus.groovy.reflection.CachedConstructor.doConstructorInvoke(CachedConstructor.java:59)
	at org.codehaus.groovy.runtime.callsite.ConstructorSite$ConstructorSiteNoUnwrap.callConstructor(ConstructorSite.java:84)
	at org.codehaus.groovy.runtime.callsite.CallSiteArray.defaultCallConstructor(CallSiteArray.java:59)
	at org.codehaus.groovy.runtime.callsite.AbstractCallSite.callConstructor(AbstractCallSite.java:263)
	at org.codehaus.groovy.runtime.callsite.AbstractCallSite.callConstructor(AbstractCallSite.java:277)
	at io.restassured.internal.ResponseSpecificationImpl$HamcrestAssertionClosure.validate(ResponseSpecificationImpl.groovy:493)
	at io.restassured.internal.ResponseSpecificationImpl.validateResponseIfRequired(ResponseSpecificationImpl.groovy:674)
	at org.codehaus.groovy.runtime.callsite.PlainObjectMetaMethodSite.doInvoke(PlainObjectMetaMethodSite.java:43)
	at org.codehaus.groovy.runtime.callsite.PogoMetaMethodSite$PogoCachedMethodSiteNoUnwrapNoCoerce.invoke(PogoMetaMethodSite.java:193)
	at org.codehaus.groovy.runtime.callsite.PogoMetaMethodSite.callCurrent(PogoMetaMethodSite.java:61)
	at org.codehaus.groovy.runtime.callsite.AbstractCallSite.callCurrent(AbstractCallSite.java:185)
	at io.restassured.internal.ResponseSpecificationImpl.body(ResponseSpecificationImpl.groovy:261)
	at io.restassured.internal.ResponseSpecificationImpl.body(ResponseSpecificationImpl.groovy:108)
	at io.restassured.internal.ValidatableResponseOptionsImpl.body(ValidatableResponseOptionsImpl.java:244)
	at io.restassured.internal.ValidatableResponseImpl.super$2$body(ValidatableResponseImpl.groovy)
	at org.codehaus.groovy.reflection.CachedMethod.invoke(CachedMethod.java:107)
	at groovy.lang.MetaMethod.doMethodInvoke(MetaMethod.java:323)
	at groovy.lang.MetaClassImpl.invokeMethod(MetaClassImpl.java:1262)
	at org.codehaus.groovy.runtime.ScriptBytecodeAdapter.invokeMethodOnSuperN(ScriptBytecodeAdapter.java:144)
	at io.restassured.internal.ValidatableResponseImpl.body(ValidatableResponseImpl.groovy:298)
	at io.restassured.internal.ValidatableResponseImpl.body(ValidatableResponseImpl.groovy)
	at UATTests.AuthorizationKeyValidations.body_should_be(AuthorizationKeyValidations.java:61)
	at ?.Body &quot;legalName&quot; should be &quot;Samsung Electronics Co. Ltd.&quot;(file:///D:/My_Projects/AutomationProjects/CompanyAPITest/./src/test/resources/Features/Lookup.feature:23)
</pre></div></td>
<td>1</td>
<td>UATTests.testNGRunner@43a0cee9</td></tr>
</table><p>
<table width='100%' border='1' class='invocation-passed'>
<tr><td colspan='4' align='center'><b>PASSED TESTS</b></td></tr>
<tr><td><b>Test method</b></td>
<td width="30%"><b>Exception</b></td>
<td width="10%"><b>Time (seconds)</b></td>
<td><b>Instance</b></td>
</tr>
<tr>
<td title='UATTests.testNGRunner.runScenario()'><b>runScenario</b><br>Test class: UATTests.testNGRunner<br>Test method: Runs Cucumber Scenarios<br>Parameters: "Authorization validations", "Optional[Validate authorizations]"</td>
<td></td>
<td>6</td>
<td>UATTests.testNGRunner@43a0cee9</td></tr>
<tr>
<td title='UATTests.testNGRunner.runScenario()'><b>runScenario</b><br>Test class: UATTests.testNGRunner<br>Test method: Runs Cucumber Scenarios<br>Parameters: "Authorization validations", "Optional[Validate authorizations]"</td>
<td></td>
<td>0</td>
<td>UATTests.testNGRunner@43a0cee9</td></tr>
<tr>
<td title='UATTests.testNGRunner.runScenario()'><b>runScenario</b><br>Test class: UATTests.testNGRunner<br>Test method: Runs Cucumber Scenarios<br>Parameters: "Authorization validations", "Optional[Validate authorizations]"</td>
<td></td>
<td>0</td>
<td>UATTests.testNGRunner@43a0cee9</td></tr>
<tr>
<td title='UATTests.testNGRunner.runScenario()'><b>runScenario</b><br>Test class: UATTests.testNGRunner<br>Test method: Runs Cucumber Scenarios<br>Parameters: "Authorization validations", "Optional[Validate authorizations]"</td>
<td></td>
<td>0</td>
<td>UATTests.testNGRunner@43a0cee9</td></tr>
<tr>
<td title='UATTests.testNGRunner.runScenario()'><b>runScenario</b><br>Test class: UATTests.testNGRunner<br>Test method: Runs Cucumber Scenarios<br>Parameters: "No Authorization provided", "Optional[Validate authorizations]"</td>
<td></td>
<td>0</td>
<td>UATTests.testNGRunner@43a0cee9</td></tr>
<tr>
<td title='UATTests.testNGRunner.runScenario()'><b>runScenario</b><br>Test class: UATTests.testNGRunner<br>Test method: Runs Cucumber Scenarios<br>Parameters: "Valid authorization provided", "Optional[Validate authorizations]"</td>
<td></td>
<td>0</td>
<td>UATTests.testNGRunner@43a0cee9</td></tr>
<tr>
<td title='UATTests.testNGRunner.runScenario()'><b>runScenario</b><br>Test class: UATTests.testNGRunner<br>Test method: Runs Cucumber Scenarios<br>Parameters: "Valid authorization provided", "Optional[Validate authorizations]"</td>
<td></td>
<td>0</td>
<td>UATTests.testNGRunner@43a0cee9</td></tr>
<tr>
<td title='UATTests.testNGRunner.runScenario()'><b>runScenario</b><br>Test class: UATTests.testNGRunner<br>Test method: Runs Cucumber Scenarios<br>Parameters: "Valid authorization provided", "Optional[Validate authorizations]"</td>
<td></td>
<td>0</td>
<td>UATTests.testNGRunner@43a0cee9</td></tr>
<tr>
<td title='UATTests.testNGRunner.runScenario()'><b>runScenario</b><br>Test class: UATTests.testNGRunner<br>Test method: Runs Cucumber Scenarios<br>Parameters: "Verify company lookup based on domain", "Optional[Look up company based on domain name.]"</td>
<td></td>
<td>0</td>
<td>UATTests.testNGRunner@43a0cee9</td></tr>
<tr>
<td title='UATTests.testNGRunner.runScenario()'><b>runScenario</b><br>Test class: UATTests.testNGRunner<br>Test method: Runs Cucumber Scenarios<br>Parameters: "Verify company lookup based on domain", "Optional[Look up company based on domain name.]"</td>
<td></td>
<td>0</td>
<td>UATTests.testNGRunner@43a0cee9</td></tr>
<tr>
<td title='UATTests.testNGRunner.runScenario()'><b>runScenario</b><br>Test class: UATTests.testNGRunner<br>Test method: Runs Cucumber Scenarios<br>Parameters: "Verify company lookup based on domain and company name", "Optional[Look up company based on domain name.]"</td>
<td></td>
<td>0</td>
<td>UATTests.testNGRunner@43a0cee9</td></tr>
</table><p>
</body>
</html>