<?xml version="1.0" encoding="UTF-8"?>
<!-- Generated by org.testng.reporters.JUnitXMLReporter -->
<testsuite hostname="DESKTOP-9E5A4CC" ignored="0" name="CompanyAPI" tests="8" failures="1" timestamp="2020-09-06T08:06:10 IST" time="8.285" errors="0">
  <testcase name="validateInvalidAuthorization" time="3.701" classname="RegressionTest.CompanyAPI"/>
  <testcase name="validateInvalidAuthorization" time="0.533" classname="RegressionTest.CompanyAPI"/>
  <testcase name="validateInvalidAuthorization" time="0.552" classname="RegressionTest.CompanyAPI"/>
  <testcase name="validateInvalidAuthorization" time="0.551" classname="RegressionTest.CompanyAPI"/>
  <testcase name="validateInvalidAuthorization" time="0.524" classname="RegressionTest.CompanyAPI"/>
  <testcase name="validateValidAuthorization" time="0.566" classname="RegressionTest.CompanyAPI"/>
  <testcase name="validateValidAuthorization" time="0.573" classname="RegressionTest.CompanyAPI"/>
  <testcase name="validateValidAuthorization" time="0.541" classname="RegressionTest.CompanyAPI">
    <failure type="java.lang.AssertionError" message="1 expectation failed.
Expected status code &amp;lt;200&amp;gt; but was &amp;lt;401&amp;gt;.
">
      <![CDATA[java.lang.AssertionError: 1 expectation failed.
Expected status code <200> but was <401>.

at org.codehaus.groovy.runtime.callsite.ConstructorSite$ConstructorSiteNoUnwrap.callConstructor(ConstructorSite.java:84)
at org.codehaus.groovy.runtime.callsite.CallSiteArray.defaultCallConstructor(CallSiteArray.java:59)
at org.codehaus.groovy.runtime.callsite.AbstractCallSite.callConstructor(AbstractCallSite.java:263)
at org.codehaus.groovy.runtime.callsite.AbstractCallSite.callConstructor(AbstractCallSite.java:277)
at io.restassured.internal.ResponseSpecificationImpl$HamcrestAssertionClosure.validate(ResponseSpecificationImpl.groovy:493)
at io.restassured.internal.ResponseSpecificationImpl.validateResponseIfRequired(ResponseSpecificationImpl.groovy:674)
at org.codehaus.groovy.runtime.callsite.PlainObjectMetaMethodSite.doInvoke(PlainObjectMetaMethodSite.java:43)
at org.codehaus.groovy.runtime.callsite.PogoMetaMethodSite$PogoCachedMethodSiteNoUnwrapNoCoerce.invoke(PogoMetaMethodSite.java:193)
at org.codehaus.groovy.runtime.callsite.PogoMetaMethodSite.callCurrent(PogoMetaMethodSite.java:61)
at org.codehaus.groovy.runtime.callsite.AbstractCallSite.callCurrent(AbstractCallSite.java:185)
at io.restassured.internal.ResponseSpecificationImpl.statusCode(ResponseSpecificationImpl.groovy:126)
at io.restassured.internal.ResponseSpecificationImpl.statusCode(ResponseSpecificationImpl.groovy:134)
at io.restassured.internal.ValidatableResponseOptionsImpl.statusCode(ValidatableResponseOptionsImpl.java:89)
at io.restassured.internal.ValidatableResponseImpl.super$2$statusCode(ValidatableResponseImpl.groovy)
at groovy.lang.MetaMethod.doMethodInvoke(MetaMethod.java:323)
at groovy.lang.MetaClassImpl.invokeMethod(MetaClassImpl.java:1262)
at org.codehaus.groovy.runtime.ScriptBytecodeAdapter.invokeMethodOnSuperN(ScriptBytecodeAdapter.java:144)
at io.restassured.internal.ValidatableResponseImpl.statusCode(ValidatableResponseImpl.groovy:142)
at io.restassured.internal.ValidatableResponseImpl.statusCode(ValidatableResponseImpl.groovy)
at RegressionTest.CompanyAPI.validateValidAuthorization(CompanyAPI.java:65)
... Removed 3 stack frames]]>
    </failure>
  </testcase> <!-- validateValidAuthorization -->
</testsuite> <!-- CompanyAPI -->
