<html>
<head>
<title>TestNG:  CompanyAPI</title>
<link href="../testng.css" rel="stylesheet" type="text/css" />
<link href="../my-testng.css" rel="stylesheet" type="text/css" />

<style type="text/css">
.log { display: none;} 
.stack-trace { display: none;} 
</style>
<script type="text/javascript">
<!--
function flip(e) {
  current = e.style.display;
  if (current == 'block') {
    e.style.display = 'none';
    return 0;
  }
  else {
    e.style.display = 'block';
    return 1;
  }
}

function toggleBox(szDivId, elem, msg1, msg2)
{
  var res = -1;  if (document.getElementById) {
    res = flip(document.getElementById(szDivId));
  }
  else if (document.all) {
    // this is the way old msie versions work
    res = flip(document.all[szDivId]);
  }
  if(elem) {
    if(res == 0) elem.innerHTML = msg1; else elem.innerHTML = msg2;
  }

}

function toggleAllBoxes() {
  if (document.getElementsByTagName) {
    d = document.getElementsByTagName('div');
    for (i = 0; i < d.length; i++) {
      if (d[i].className == 'log') {
        flip(d[i]);
      }
    }
  }
}

// -->
</script>

</head>
<body>
<h2 align='center'>CompanyAPI</h2><table border='1' align="center">
<tr>
<td>Tests passed/Failed/Skipped:</td><td>7/1/0</td>
</tr><tr>
<td>Started on:</td><td>Sun Sep 06 08:06:02 IST 2020</td>
</tr>
<tr><td>Total time:</td><td>8 seconds (8285 ms)</td>
</tr><tr>
<td>Included groups:</td><td></td>
</tr><tr>
<td>Excluded groups:</td><td></td>
</tr>
</table><p/>
<small><i>(Hover the method name to see the test class name)</i></small><p/>
<table width='100%' border='1' class='invocation-failed'>
<tr><td colspan='4' align='center'><b>FAILED TESTS</b></td></tr>
<tr><td><b>Test method</b></td>
<td width="30%"><b>Exception</b></td>
<td width="10%"><b>Time (seconds)</b></td>
<td><b>Instance</b></td>
</tr>
<tr>
<td title='RegressionTest.CompanyAPI.validateValidAuthorization()'><b>validateValidAuthorization</b><br>Test class: RegressionTest.CompanyAPI<br>Test method: Valid Authorization tests<br>Parameters:  , org.testng.TestRunner@74f6c5d8</td>
<td><div><pre>java.lang.AssertionError: 1 expectation failed.
Expected status code &lt;200&gt; but was &lt;401&gt;.

	at org.codehaus.groovy.runtime.callsite.ConstructorSite$ConstructorSiteNoUnwrap.callConstructor(ConstructorSite.java:84)
	at org.codehaus.groovy.runtime.callsite.CallSiteArray.defaultCallConstructor(CallSiteArray.java:59)
	at org.codehaus.groovy.runtime.callsite.AbstractCallSite.callConstructor(AbstractCallSite.java:263)
	at org.codehaus.groovy.runtime.callsite.AbstractCallSite.callConstructor(AbstractCallSite.java:277)
	at io.restassured.internal.ResponseSpecificationImpl$HamcrestAssertionClosure.validate(ResponseSpecificationImpl.groovy:493)
	at io.restassured.internal.ResponseSpecificationImpl.validateResponseIfRequired(ResponseSpecificationImpl.groovy:674)
	at org.codehaus.groovy.runtime.callsite.PlainObjectMetaMethodSite.doInvoke(PlainObjectMetaMethodSite.java:43)
	at org.codehaus.groovy.runtime.callsite.PogoMetaMethodSite$PogoCachedMethodSiteNoUnwrapNoCoerce.invoke(PogoMetaMethodSite.java:193)
	at org.codehaus.groovy.runtime.callsite.PogoMetaMethodSite.callCurrent(PogoMetaMethodSite.java:61)
	at org.codehaus.groovy.runtime.callsite.AbstractCallSite.callCurrent(AbstractCallSite.java:185)
	at io.restassured.internal.ResponseSpecificationImpl.statusCode(ResponseSpecificationImpl.groovy:126)
	at io.restassured.internal.ResponseSpecificationImpl.statusCode(ResponseSpecificationImpl.groovy:134)
	at io.restassured.internal.ValidatableResponseOptionsImpl.statusCode(ValidatableResponseOptionsImpl.java:89)
	at io.restassured.internal.ValidatableResponseImpl.super$2$statusCode(ValidatableResponseImpl.groovy)
	at groovy.lang.MetaMethod.doMethodInvoke(MetaMethod.java:323)
	at groovy.lang.MetaClassImpl.invokeMethod(MetaClassImpl.java:1262)
	at org.codehaus.groovy.runtime.ScriptBytecodeAdapter.invokeMethodOnSuperN(ScriptBytecodeAdapter.java:144)
	at io.restassured.internal.ValidatableResponseImpl.statusCode(ValidatableResponseImpl.groovy:142)
	at io.restassured.internal.ValidatableResponseImpl.statusCode(ValidatableResponseImpl.groovy)
	at RegressionTest.CompanyAPI.validateValidAuthorization(CompanyAPI.java:65)
... Removed 3 stack frames</pre></div><a href='#' onClick='toggleBox("stack-trace1492400048", this, "Click to show all stack frames", "Click to hide stack frames")'>Click to show all stack frames</a>
<div class='stack-trace' id='stack-trace1492400048'><pre>java.lang.AssertionError: 1 expectation failed.
Expected status code &lt;200&gt; but was &lt;401&gt;.

	at org.codehaus.groovy.reflection.CachedConstructor.invoke(CachedConstructor.java:72)
	at org.codehaus.groovy.reflection.CachedConstructor.doConstructorInvoke(CachedConstructor.java:59)
	at org.codehaus.groovy.runtime.callsite.ConstructorSite$ConstructorSiteNoUnwrap.callConstructor(ConstructorSite.java:84)
	at org.codehaus.groovy.runtime.callsite.CallSiteArray.defaultCallConstructor(CallSiteArray.java:59)
	at org.codehaus.groovy.runtime.callsite.AbstractCallSite.callConstructor(AbstractCallSite.java:263)
	at org.codehaus.groovy.runtime.callsite.AbstractCallSite.callConstructor(AbstractCallSite.java:277)
	at io.restassured.internal.ResponseSpecificationImpl$HamcrestAssertionClosure.validate(ResponseSpecificationImpl.groovy:493)
	at io.restassured.internal.ResponseSpecificationImpl.validateResponseIfRequired(ResponseSpecificationImpl.groovy:674)
	at org.codehaus.groovy.runtime.callsite.PlainObjectMetaMethodSite.doInvoke(PlainObjectMetaMethodSite.java:43)
	at org.codehaus.groovy.runtime.callsite.PogoMetaMethodSite$PogoCachedMethodSiteNoUnwrapNoCoerce.invoke(PogoMetaMethodSite.java:193)
	at org.codehaus.groovy.runtime.callsite.PogoMetaMethodSite.callCurrent(PogoMetaMethodSite.java:61)
	at org.codehaus.groovy.runtime.callsite.AbstractCallSite.callCurrent(AbstractCallSite.java:185)
	at io.restassured.internal.ResponseSpecificationImpl.statusCode(ResponseSpecificationImpl.groovy:126)
	at io.restassured.internal.ResponseSpecificationImpl.statusCode(ResponseSpecificationImpl.groovy:134)
	at io.restassured.internal.ValidatableResponseOptionsImpl.statusCode(ValidatableResponseOptionsImpl.java:89)
	at io.restassured.internal.ValidatableResponseImpl.super$2$statusCode(ValidatableResponseImpl.groovy)
	at org.codehaus.groovy.reflection.CachedMethod.invoke(CachedMethod.java:107)
	at groovy.lang.MetaMethod.doMethodInvoke(MetaMethod.java:323)
	at groovy.lang.MetaClassImpl.invokeMethod(MetaClassImpl.java:1262)
	at org.codehaus.groovy.runtime.ScriptBytecodeAdapter.invokeMethodOnSuperN(ScriptBytecodeAdapter.java:144)
	at io.restassured.internal.ValidatableResponseImpl.statusCode(ValidatableResponseImpl.groovy:142)
	at io.restassured.internal.ValidatableResponseImpl.statusCode(ValidatableResponseImpl.groovy)
	at RegressionTest.CompanyAPI.validateValidAuthorization(CompanyAPI.java:65)
</pre></div></td>
<td>0</td>
<td>RegressionTest.CompanyAPI@192d3247</td></tr>
</table><p>
<table width='100%' border='1' class='invocation-passed'>
<tr><td colspan='4' align='center'><b>PASSED TESTS</b></td></tr>
<tr><td><b>Test method</b></td>
<td width="30%"><b>Exception</b></td>
<td width="10%"><b>Time (seconds)</b></td>
<td><b>Instance</b></td>
</tr>
<tr>
<td title='RegressionTest.CompanyAPI.validateInvalidAuthorization()'><b>validateInvalidAuthorization</b><br>Test class: RegressionTest.CompanyAPI<br>Test method: Invalid Authorization tests<br>Parameters: InvalidKey1, org.testng.TestRunner@74f6c5d8</td>
<td></td>
<td>3</td>
<td>RegressionTest.CompanyAPI@192d3247</td></tr>
<tr>
<td title='RegressionTest.CompanyAPI.validateInvalidAuthorization()'><b>validateInvalidAuthorization</b><br>Test class: RegressionTest.CompanyAPI<br>Test method: Invalid Authorization tests<br>Parameters: INV, org.testng.TestRunner@74f6c5d8</td>
<td></td>
<td>0</td>
<td>RegressionTest.CompanyAPI@192d3247</td></tr>
<tr>
<td title='RegressionTest.CompanyAPI.validateInvalidAuthorization()'><b>validateInvalidAuthorization</b><br>Test class: RegressionTest.CompanyAPI<br>Test method: Invalid Authorization tests<br>Parameters: InvalidKey2, org.testng.TestRunner@74f6c5d8</td>
<td></td>
<td>0</td>
<td>RegressionTest.CompanyAPI@192d3247</td></tr>
<tr>
<td title='RegressionTest.CompanyAPI.validateInvalidAuthorization()'><b>validateInvalidAuthorization</b><br>Test class: RegressionTest.CompanyAPI<br>Test method: Invalid Authorization tests<br>Parameters:  , org.testng.TestRunner@74f6c5d8</td>
<td></td>
<td>0</td>
<td>RegressionTest.CompanyAPI@192d3247</td></tr>
<tr>
<td title='RegressionTest.CompanyAPI.validateInvalidAuthorization()'><b>validateInvalidAuthorization</b><br>Test class: RegressionTest.CompanyAPI<br>Test method: Invalid Authorization tests<br>Parameters: InvalidKey3, org.testng.TestRunner@74f6c5d8</td>
<td></td>
<td>0</td>
<td>RegressionTest.CompanyAPI@192d3247</td></tr>
<tr>
<td title='RegressionTest.CompanyAPI.validateValidAuthorization()'><b>validateValidAuthorization</b><br>Test class: RegressionTest.CompanyAPI<br>Test method: Valid Authorization tests<br>Parameters: sk_1e7aa20d9a2e9962b9374949c59a9fab, org.testng.TestRunner@74f6c5d8</td>
<td></td>
<td>0</td>
<td>RegressionTest.CompanyAPI@192d3247</td></tr>
<tr>
<td title='RegressionTest.CompanyAPI.validateValidAuthorization()'><b>validateValidAuthorization</b><br>Test class: RegressionTest.CompanyAPI<br>Test method: Valid Authorization tests<br>Parameters: sk_1e7aa20d9a2e9962b9374949c59a9fab, org.testng.TestRunner@74f6c5d8</td>
<td></td>
<td>0</td>
<td>RegressionTest.CompanyAPI@192d3247</td></tr>
</table><p>
</body>
</html>