<?xml version="1.0" encoding="UTF-8"?>
<!-- Generated by org.testng.reporters.JUnitReportReporter -->
<testsuite skipped="0" hostname="DESKTOP-9E5A4CC" name="UATTests.testNGRunner" tests="12" failures="1" timestamp="2020-09-18T14:37:05 IST" time="14.761" errors="0">
  <testcase name="runScenario" time="0.924" classname="UATTests.testNGRunner"/>
  <system-out/>
  <testcase name="runScenario" time="0.636" classname="UATTests.testNGRunner"/>
  <system-out/>
  <testcase name="runScenario" time="0.679" classname="UATTests.testNGRunner"/>
  <system-out/>
  <testcase name="runScenario" time="0.589" classname="UATTests.testNGRunner"/>
  <system-out/>
  <testcase name="runScenario" time="0.617" classname="UATTests.testNGRunner"/>
  <system-out/>
  <testcase name="runScenario" time="0.651" classname="UATTests.testNGRunner"/>
  <system-out/>
  <testcase name="runScenario" time="0.587" classname="UATTests.testNGRunner"/>
  <system-out/>
  <testcase name="runScenario" time="0.714" classname="UATTests.testNGRunner"/>
  <system-out/>
  <testcase name="runScenario" time="0.961" classname="UATTests.testNGRunner"/>
  <system-out/>
  <testcase name="runScenario" time="1.227" classname="UATTests.testNGRunner">
    <failure type="java.lang.AssertionError" message="1 expectation failed.
JSON path legalName doesn&#039;t match.
Expected: Samsung Electronics Co. Ltd.
  Actual: Samsung SDS Co.,Ltd.
">
      <![CDATA[java.lang.AssertionError: 1 expectation failed.
JSON path legalName doesn't match.
Expected: Samsung Electronics Co. Ltd.
  Actual: Samsung SDS Co.,Ltd.

at org.codehaus.groovy.reflection.CachedConstructor.invoke(CachedConstructor.java:72)
at org.codehaus.groovy.reflection.CachedConstructor.doConstructorInvoke(CachedConstructor.java:59)
at org.codehaus.groovy.runtime.callsite.ConstructorSite$ConstructorSiteNoUnwrap.callConstructor(ConstructorSite.java:84)
at org.codehaus.groovy.runtime.callsite.CallSiteArray.defaultCallConstructor(CallSiteArray.java:59)
at org.codehaus.groovy.runtime.callsite.AbstractCallSite.callConstructor(AbstractCallSite.java:263)
at org.codehaus.groovy.runtime.callsite.AbstractCallSite.callConstructor(AbstractCallSite.java:277)
at io.restassured.internal.ResponseSpecificationImpl$HamcrestAssertionClosure.validate(ResponseSpecificationImpl.groovy:493)
at io.restassured.internal.ResponseSpecificationImpl.validateResponseIfRequired(ResponseSpecificationImpl.groovy:674)
at org.codehaus.groovy.runtime.callsite.PlainObjectMetaMethodSite.doInvoke(PlainObjectMetaMethodSite.java:43)
at org.codehaus.groovy.runtime.callsite.PogoMetaMethodSite$PogoCachedMethodSiteNoUnwrapNoCoerce.invoke(PogoMetaMethodSite.java:193)
at org.codehaus.groovy.runtime.callsite.PogoMetaMethodSite.callCurrent(PogoMetaMethodSite.java:61)
at org.codehaus.groovy.runtime.callsite.AbstractCallSite.callCurrent(AbstractCallSite.java:185)
at io.restassured.internal.ResponseSpecificationImpl.body(ResponseSpecificationImpl.groovy:261)
at io.restassured.internal.ResponseSpecificationImpl.body(ResponseSpecificationImpl.groovy:108)
at io.restassured.internal.ValidatableResponseOptionsImpl.body(ValidatableResponseOptionsImpl.java:244)
at io.restassured.internal.ValidatableResponseImpl.super$2$body(ValidatableResponseImpl.groovy)
at org.codehaus.groovy.reflection.CachedMethod.invoke(CachedMethod.java:107)
at groovy.lang.MetaMethod.doMethodInvoke(MetaMethod.java:323)
at groovy.lang.MetaClassImpl.invokeMethod(MetaClassImpl.java:1262)
at org.codehaus.groovy.runtime.ScriptBytecodeAdapter.invokeMethodOnSuperN(ScriptBytecodeAdapter.java:144)
at io.restassured.internal.ValidatableResponseImpl.body(ValidatableResponseImpl.groovy:298)
at io.restassured.internal.ValidatableResponseImpl.body(ValidatableResponseImpl.groovy)
at UATTests.AuthorizationKeyValidations.body_should_be(AuthorizationKeyValidations.java:61)
at âœ½.Body "legalName" should be "Samsung Electronics Co. Ltd."(file:///D:/My_Projects/AutomationProjects/CompanyAPITest/./src/test/resources/Features/Lookup.feature:23)
]]>
    </failure>
  </testcase> <!-- runScenario -->
  <system-out/>
  <testcase name="runScenario" time="6.562" classname="UATTests.testNGRunner"/>
  <system-out/>
  <testcase name="runScenario" time="0.614" classname="UATTests.testNGRunner"/>
  <system-out/>
</testsuite> <!-- UATTests.testNGRunner -->
